nohup: ignoring input
4
Preparing data...
Files already downloaded and verified
==> Resuming from checkpoint for ResNet18..
==> Resuming from checkpoint for ResNet18..
2019-10-22 05:13:08, natural loss/accuracy: 0.20601194763183595  0.951, adv loss/accuracy: 3.038574951171875 0.357
2019-10-22 05:14:00, natural loss/accuracy: 0.19580788116455078  0.9509, adv loss/accuracy: 2.9711898193359376 0.3755
Preparing data...
Files already downloaded and verified
==> Resuming from checkpoint for ResNet18..
==> Resuming from checkpoint for ResNet18..
2019-10-22 05:14:41, natural loss/accuracy: 0.20601194763183595  0.951, adv loss/accuracy: 4.03490625 0.341
2019-10-22 05:15:35, natural loss/accuracy: 0.19580788116455078  0.9509, adv loss/accuracy: 3.959733740234375 0.3529
4
Preparing data...
Files already downloaded and verified
==> Resuming from checkpoint for ResNet18..
==> Resuming from checkpoint for ResNet18..
2019-10-22 05:16:16, natural loss/accuracy: 0.20601194763183595  0.951, adv loss/accuracy: 2.98250830078125 0.377
2019-10-22 05:17:11, natural loss/accuracy: 0.19580788116455078  0.9509, adv loss/accuracy: 2.9692030029296874 0.3789
Preparing data...
Files already downloaded and verified
==> Resuming from checkpoint for ResNet18..
==> Resuming from checkpoint for ResNet18..
2019-10-22 05:17:52, natural loss/accuracy: 0.20601194763183595  0.951, adv loss/accuracy: 4.066887451171875 0.356
2019-10-22 05:18:48, natural loss/accuracy: 0.19580788116455078  0.9509, adv loss/accuracy: 4.001105444335938 0.3568
4
Preparing data...
Files already downloaded and verified
==> Resuming from checkpoint for ResNet18..
==> Resuming from checkpoint for ResNet18..
2019-10-22 05:19:30, natural loss/accuracy: 0.20601194763183595  0.951, adv loss/accuracy: 2.950747802734375 0.381
2019-10-22 05:20:25, natural loss/accuracy: 0.19580788116455078  0.9509, adv loss/accuracy: 2.9750614990234374 0.3737
Preparing data...
Files already downloaded and verified
==> Resuming from checkpoint for ResNet18..
==> Resuming from checkpoint for ResNet18..
2019-10-22 05:21:07, natural loss/accuracy: 0.20601194763183595  0.951, adv loss/accuracy: 4.12048486328125 0.337
2019-10-22 05:22:01, natural loss/accuracy: 0.19580788116455078  0.9509, adv loss/accuracy: 3.9734519287109373 0.3477
4
Preparing data...
Files already downloaded and verified
==> Resuming from checkpoint for ResNet18..
==> Resuming from checkpoint for ResNet18..
2019-10-22 05:22:42, natural loss/accuracy: 0.20601194763183595  0.951, adv loss/accuracy: 2.981728759765625 0.361
2019-10-22 05:23:36, natural loss/accuracy: 0.19580788116455078  0.9509, adv loss/accuracy: 2.9690289306640625 0.3766
Preparing data...
Files already downloaded and verified
==> Resuming from checkpoint for ResNet18..
==> Resuming from checkpoint for ResNet18..
2019-10-22 05:24:17, natural loss/accuracy: 0.20601194763183595  0.951, adv loss/accuracy: 3.98860400390625 0.338
2019-10-22 05:25:10, natural loss/accuracy: 0.19580788116455078  0.9509, adv loss/accuracy: 4.017459301757812 0.3494
4
Preparing data...
Files already downloaded and verified
==> Resuming from checkpoint for ResNet18..
==> Resuming from checkpoint for ResNet18..
2019-10-22 05:25:51, natural loss/accuracy: 0.20601194763183595  0.951, adv loss/accuracy: 2.983798828125 0.36
2019-10-22 05:26:44, natural loss/accuracy: 0.19580788116455078  0.9509, adv loss/accuracy: 2.96251474609375 0.3774
Preparing data...
Files already downloaded and verified
==> Resuming from checkpoint for ResNet18..
==> Resuming from checkpoint for ResNet18..
2019-10-22 05:27:25, natural loss/accuracy: 0.20601194763183595  0.951, adv loss/accuracy: 3.920298828125 0.352
2019-10-22 05:28:18, natural loss/accuracy: 0.19580788116455078  0.9509, adv loss/accuracy: 3.956766455078125 0.355
8
Preparing data...
Files already downloaded and verified
==> Resuming from checkpoint for ResNet18..
==> Resuming from checkpoint for ResNet18..
2019-10-22 05:28:59, natural loss/accuracy: 0.20601194763183595  0.951, adv loss/accuracy: 5.0183857421875 0.1
2019-10-22 05:29:52, natural loss/accuracy: 0.19580788116455078  0.9509, adv loss/accuracy: 5.000177880859375 0.1023
Preparing data...
Files already downloaded and verified
==> Resuming from checkpoint for ResNet18..
==> Resuming from checkpoint for ResNet18..
2019-10-22 05:30:32, natural loss/accuracy: 0.20601194763183595  0.951, adv loss/accuracy: 6.7508662109375 0.105
2019-10-22 05:31:25, natural loss/accuracy: 0.19580788116455078  0.9509, adv loss/accuracy: 6.813486962890625 0.1103
8
Preparing data...
Files already downloaded and verified
==> Resuming from checkpoint for ResNet18..
==> Resuming from checkpoint for ResNet18..
2019-10-22 05:32:06, natural loss/accuracy: 0.20601194763183595  0.951, adv loss/accuracy: 4.93890771484375 0.095
2019-10-22 05:32:59, natural loss/accuracy: 0.19580788116455078  0.9509, adv loss/accuracy: 4.96429150390625 0.1064
Preparing data...
Files already downloaded and verified
==> Resuming from checkpoint for ResNet18..
==> Resuming from checkpoint for ResNet18..
2019-10-22 05:33:40, natural loss/accuracy: 0.20601194763183595  0.951, adv loss/accuracy: 6.76729638671875 0.11
2019-10-22 05:34:33, natural loss/accuracy: 0.19580788116455078  0.9509, adv loss/accuracy: 6.824554345703125 0.1088
8
Preparing data...
Files already downloaded and verified
==> Resuming from checkpoint for ResNet18..
==> Resuming from checkpoint for ResNet18..
2019-10-22 05:35:14, natural loss/accuracy: 0.20601194763183595  0.951, adv loss/accuracy: 4.9078916015625 0.109
2019-10-22 05:36:07, natural loss/accuracy: 0.19580788116455078  0.9509, adv loss/accuracy: 4.95476318359375 0.1068
Preparing data...
Files already downloaded and verified
==> Resuming from checkpoint for ResNet18..
==> Resuming from checkpoint for ResNet18..
2019-10-22 05:36:47, natural loss/accuracy: 0.20601194763183595  0.951, adv loss/accuracy: 6.822146484375 0.105
2019-10-22 05:37:40, natural loss/accuracy: 0.19580788116455078  0.9509, adv loss/accuracy: 6.81566611328125 0.106
8
Preparing data...
Files already downloaded and verified
==> Resuming from checkpoint for ResNet18..
==> Resuming from checkpoint for ResNet18..
2019-10-22 05:38:20, natural loss/accuracy: 0.20601194763183595  0.951, adv loss/accuracy: 4.97240869140625 0.098
2019-10-22 05:39:14, natural loss/accuracy: 0.19580788116455078  0.9509, adv loss/accuracy: 4.948839306640625 0.1055
Preparing data...
Files already downloaded and verified
==> Resuming from checkpoint for ResNet18..
==> Resuming from checkpoint for ResNet18..
2019-10-22 05:39:54, natural loss/accuracy: 0.20601194763183595  0.951, adv loss/accuracy: 6.94299365234375 0.102
2019-10-22 05:40:47, natural loss/accuracy: 0.19580788116455078  0.9509, adv loss/accuracy: 6.82475927734375 0.1119
8
Preparing data...
Files already downloaded and verified
==> Resuming from checkpoint for ResNet18..
==> Resuming from checkpoint for ResNet18..
2019-10-22 05:41:27, natural loss/accuracy: 0.20601194763183595  0.951, adv loss/accuracy: 4.98634375 0.12
2019-10-22 05:42:20, natural loss/accuracy: 0.19580788116455078  0.9509, adv loss/accuracy: 4.967180224609375 0.1075
Preparing data...
Files already downloaded and verified
==> Resuming from checkpoint for ResNet18..
==> Resuming from checkpoint for ResNet18..
2019-10-22 05:43:00, natural loss/accuracy: 0.20601194763183595  0.951, adv loss/accuracy: 6.8245244140625 0.105
2019-10-22 05:43:54, natural loss/accuracy: 0.19580788116455078  0.9509, adv loss/accuracy: 6.779955029296875 0.1134
